App/app/build/intermediates/manifest_merge_blame_file/debug/manifest-merger-blame-debug-report.txt
1<?xml version="1.0" encoding="utf-8"?>
2<manifest xmlns:android="http://schemas.android.com/apk/res/android"
3    package="com.example.app"
4    android:versionCode="1"
5    android:versionName="1.0" >
6
7    <uses-sdk
8        android:minSdkVersion="23"
8-->src\main\AndroidManifest.xml
9        android:targetSdkVersion="30" />
9-->src\main\AndroidManifest.xml
10
11    <uses-permission android:name="android.permission.ACCESS_FINE_LOCATION" />
11-->src\main\AndroidManifest.xml:5:5-79
11-->src\main\AndroidManifest.xml:5:22-76
12    <uses-permission android:name="android.permission.INTERNET" />
12-->src\main\AndroidManifest.xml:6:5-67
12-->src\main\AndroidManifest.xml:6:22-64
13    <uses-permission android:name="android.permission.ACCESS_NETWORK_STATE" />
13-->src\main\AndroidManifest.xml:7:5-79
13-->src\main\AndroidManifest.xml:7:22-76
14    <uses-permission android:name="android.permission.VIBRATE" />
14-->src\main\AndroidManifest.xml:8:5-66
14-->src\main\AndroidManifest.xml:8:22-63
15    <uses-permission android:name="android.permission.WRITE_EXTERNAL_STORAGE" />
15-->src\main\AndroidManifest.xml:9:5-81
15-->src\main\AndroidManifest.xml:9:22-78
16    <uses-permission android:name="android.permission.READ_PHONE_STATE" />
16-->src\main\AndroidManifest.xml:10:5-75
16-->src\main\AndroidManifest.xml:10:22-72
17    <uses-permission android:name="android.permission.READ_EXTERNAL_STORAGE" />
17-->src\main\AndroidManifest.xml:11:5-80
17-->src\main\AndroidManifest.xml:11:22-77
18    <uses-permission android:name="android.permission.ACCESS_COARSE_LOCATION" />
18-->src\main\AndroidManifest.xml:12:5-81
18-->src\main\AndroidManifest.xml:12:22-78
19
20    <uses-feature
20-->[com.google.android.gms:play-services-maps:17.0.0] AndroidManifest.xml:26:5-28:35
21        android:glEsVersion="0x00020000"
21-->[com.google.android.gms:play-services-maps:17.0.0] AndroidManifest.xml:27:9-41
22        android:required="true" />
22-->[com.google.android.gms:play-services-maps:17.0.0] AndroidManifest.xml:28:9-32
23
24    <application
24-->src\main\AndroidManifest.xml:14:5-73:19
25        android:allowBackup="true"
25-->src\main\AndroidManifest.xml:15:9-35
26        android:appComponentFactory="androidx.core.app.CoreComponentFactory"
26-->[androidx.core:core:1.3.1] AndroidManifest.xml:24:18-86
27        android:debuggable="true"
28        android:extractNativeLibs="false"
29        android:icon="@mipmap/ic_launcher"
29-->src\main\AndroidManifest.xml:16:9-43
30        android:label="@string/app_name"
30-->src\main\AndroidManifest.xml:17:9-41
31        android:roundIcon="@mipmap/ic_launcher_round"
31-->src\main\AndroidManifest.xml:18:9-54
32        android:supportsRtl="true"
32-->src\main\AndroidManifest.xml:19:9-35
33        android:testOnly="true"
34        android:theme="@style/Theme.App"
34-->src\main\AndroidManifest.xml:20:9-41
35        android:usesCleartextTraffic="true" >
35-->src\main\AndroidManifest.xml:21:9-44
36        <activity android:name="com.example.app.Admin" />
36-->src\main\AndroidManifest.xml:22:9-52
36-->src\main\AndroidManifest.xml:22:19-40
37
38        <meta-data
38-->src\main\AndroidManifest.xml:24:9-26:47
39            android:name="com.google.android.geo.API_KEY"
39-->src\main\AndroidManifest.xml:25:13-58
40            android:value="@string/map_key" />
40-->src\main\AndroidManifest.xml:26:13-44
41
42        <activity
42-->src\main\AndroidManifest.xml:28:9-37:20
43            android:name="com.example.app.login.Login"
43-->src\main\AndroidManifest.xml:29:13-40
44            android:theme="@style/Theme.Design.NoActionBar" >
44-->src\main\AndroidManifest.xml:30:13-60
45            <intent-filter>
45-->src\main\AndroidManifest.xml:31:13-35:29
46                <action android:name="android.intent.action.MAIN" />
46-->src\main\AndroidManifest.xml:32:17-69
46-->src\main\AndroidManifest.xml:32:25-66
47
48                <category android:name="android.intent.category.LAUNCHER" />
48-->src\main\AndroidManifest.xml:34:17-77
48-->src\main\AndroidManifest.xml:34:27-74
49            </intent-filter>
50        </activity>
51        <activity
51-->src\main\AndroidManifest.xml:38:9-40:63
52            android:name="com.example.app.login.Register"
52-->src\main\AndroidManifest.xml:39:13-43
53            android:theme="@style/Theme.Design.NoActionBar" />
53-->src\main\AndroidManifest.xml:40:13-60
54        <activity
54-->src\main\AndroidManifest.xml:41:9-43:63
55            android:name="com.example.app.ProductDetail"
55-->src\main\AndroidManifest.xml:42:13-42
56            android:theme="@style/Theme.Design.NoActionBar" />
56-->src\main\AndroidManifest.xml:43:13-60
57        <activity android:name="com.example.app.map.Map" />
57-->src\main\AndroidManifest.xml:44:9-45
57-->src\main\AndroidManifest.xml:44:19-42
58        <activity android:name="com.example.app.map.CurrentLocation" />
58-->src\main\AndroidManifest.xml:45:9-57
58-->src\main\AndroidManifest.xml:45:19-54
59
60        <meta-data
60-->src\main\AndroidManifest.xml:47:9-49:57
61            android:name="preloaded_fonts"
61-->src\main\AndroidManifest.xml:48:13-43
62            android:resource="@array/preloaded_fonts" />
62-->src\main\AndroidManifest.xml:49:13-54
63
64        <activity
64-->src\main\AndroidManifest.xml:51:9-53:73
65            android:name="com.example.app.MainActivity"
65-->src\main\AndroidManifest.xml:52:13-41
66            android:theme="@style/Theme.Design.NoActionBar" >
66-->src\main\AndroidManifest.xml:53:13-60
67        </activity>
68
69        <meta-data
69-->src\main\AndroidManifest.xml:55:9-56:54
70            android:name="com.facebook.sdk.ApplicationId"
70-->src\main\AndroidManifest.xml:55:20-65
71            android:value="@string/facebook_app_id" />
71-->src\main\AndroidManifest.xml:56:13-52
72
73        <activity
73-->src\main\AndroidManifest.xml:57:9-60:47
74            android:name="com.facebook.FacebookActivity"
74-->src\main\AndroidManifest.xml:58:13-57
75            android:configChanges="keyboard|keyboardHidden|screenLayout|screenSize|orientation"
75-->src\main\AndroidManifest.xml:59:13-97
76            android:label="@string/app_name"
76-->src\main\AndroidManifest.xml:60:13-45
77            android:theme="@style/com_facebook_activity_theme" />
77-->[com.facebook.android:facebook-common:4.42.0] AndroidManifest.xml:32:13-63
78        <activity
78-->src\main\AndroidManifest.xml:61:9-71:20
79            android:name="com.facebook.CustomTabActivity"
79-->src\main\AndroidManifest.xml:63:13-58
80            android:exported="true"
80-->src\main\AndroidManifest.xml:64:13-36
81            android:theme="@style/Theme.Design.NoActionBar" >
81-->src\main\AndroidManifest.xml:62:13-60
82            <intent-filter>
82-->src\main\AndroidManifest.xml:65:13-70:29
83                <action android:name="android.intent.action.VIEW" />
83-->src\main\AndroidManifest.xml:66:17-69
83-->src\main\AndroidManifest.xml:66:25-66
84
85                <category android:name="android.intent.category.DEFAULT" />
85-->src\main\AndroidManifest.xml:67:17-76
85-->src\main\AndroidManifest.xml:67:27-73
86                <category android:name="android.intent.category.BROWSABLE" />
86-->src\main\AndroidManifest.xml:68:17-78
86-->src\main\AndroidManifest.xml:68:27-75
87
88                <data android:scheme="@string/fb_login_protocol_scheme" />
88-->src\main\AndroidManifest.xml:69:17-75
88-->src\main\AndroidManifest.xml:69:23-72
89            </intent-filter>
90        </activity>
91        <activity android:name="com.facebook.CustomTabMainActivity" />
91-->[com.facebook.android:facebook-common:4.42.0] AndroidManifest.xml:33:9-71
91-->[com.facebook.android:facebook-common:4.42.0] AndroidManifest.xml:33:19-68
92
93        <service
93-->[com.google.firebase:firebase-firestore:23.0.0] AndroidManifest.xml:17:9-23:19
94            android:name="com.google.firebase.components.ComponentDiscoveryService"
94-->[com.google.firebase:firebase-firestore:23.0.0] AndroidManifest.xml:18:13-84
95            android:directBootAware="true"
95-->[com.google.firebase:firebase-common:20.0.0] AndroidManifest.xml:35:13-43
96            android:exported="false" >
96-->[com.google.firebase:firebase-firestore:23.0.0] AndroidManifest.xml:19:13-37
97            <meta-data
97-->[com.google.firebase:firebase-firestore:23.0.0] AndroidManifest.xml:20:13-22:85
98                android:name="com.google.firebase.components:com.google.firebase.firestore.FirestoreRegistrar"
98-->[com.google.firebase:firebase-firestore:23.0.0] AndroidManifest.xml:21:17-111
99                android:value="com.google.firebase.components.ComponentRegistrar" />
99-->[com.google.firebase:firebase-firestore:23.0.0] AndroidManifest.xml:22:17-82
100            <meta-data
100-->[com.google.firebase:firebase-auth:21.0.1] AndroidManifest.xml:77:13-79:85
101                android:name="com.google.firebase.components:com.google.firebase.auth.FirebaseAuthRegistrar"
101-->[com.google.firebase:firebase-auth:21.0.1] AndroidManifest.xml:78:17-109
102                android:value="com.google.firebase.components.ComponentRegistrar" />
102-->[com.google.firebase:firebase-auth:21.0.1] AndroidManifest.xml:79:17-82
103            <meta-data
103-->[com.google.firebase:firebase-storage:20.0.0] AndroidManifest.xml:33:13-35:85
104                android:name="com.google.firebase.components:com.google.firebase.storage.StorageRegistrar"
104-->[com.google.firebase:firebase-storage:20.0.0] AndroidManifest.xml:34:17-107
105                android:value="com.google.firebase.components.ComponentRegistrar" />
105-->[com.google.firebase:firebase-storage:20.0.0] AndroidManifest.xml:35:17-82
106        </service>
107
108        <activity
108-->[com.google.firebase:firebase-auth:21.0.1] AndroidManifest.xml:27:9-44:20
109            android:name="com.google.firebase.auth.internal.GenericIdpActivity"
109-->[com.google.firebase:firebase-auth:21.0.1] AndroidManifest.xml:28:13-80
110            android:excludeFromRecents="true"
110-->[com.google.firebase:firebase-auth:21.0.1] AndroidManifest.xml:29:13-46
111            android:exported="true"
111-->[com.google.firebase:firebase-auth:21.0.1] AndroidManifest.xml:30:13-36
112            android:launchMode="singleTask"
112-->[com.google.firebase:firebase-auth:21.0.1] AndroidManifest.xml:31:13-44
113            android:theme="@android:style/Theme.Translucent.NoTitleBar" >
113-->[com.google.firebase:firebase-auth:21.0.1] AndroidManifest.xml:32:13-72
114            <intent-filter>
114-->[com.google.firebase:firebase-auth:21.0.1] AndroidManifest.xml:33:13-43:29
115                <action android:name="android.intent.action.VIEW" />
115-->src\main\AndroidManifest.xml:66:17-69
115-->src\main\AndroidManifest.xml:66:25-66
116
117                <category android:name="android.intent.category.DEFAULT" />
117-->src\main\AndroidManifest.xml:67:17-76
117-->src\main\AndroidManifest.xml:67:27-73
118                <category android:name="android.intent.category.BROWSABLE" />
118-->src\main\AndroidManifest.xml:68:17-78
118-->src\main\AndroidManifest.xml:68:27-75
119
120                <data
120-->src\main\AndroidManifest.xml:69:17-75
121                    android:host="firebase.auth"
122                    android:path="/"
123                    android:scheme="genericidp" />
123-->src\main\AndroidManifest.xml:69:23-72
124            </intent-filter>
125        </activity>
126        <activity
126-->[com.google.firebase:firebase-auth:21.0.1] AndroidManifest.xml:45:9-62:20
127            android:name="com.google.firebase.auth.internal.RecaptchaActivity"
127-->[com.google.firebase:firebase-auth:21.0.1] AndroidManifest.xml:46:13-79
128            android:excludeFromRecents="true"
128-->[com.google.firebase:firebase-auth:21.0.1] AndroidManifest.xml:47:13-46
129            android:exported="true"
129-->[com.google.firebase:firebase-auth:21.0.1] AndroidManifest.xml:48:13-36
130            android:launchMode="singleTask"
130-->[com.google.firebase:firebase-auth:21.0.1] AndroidManifest.xml:49:13-44
131            android:theme="@android:style/Theme.Translucent.NoTitleBar" >
131-->[com.google.firebase:firebase-auth:21.0.1] AndroidManifest.xml:50:13-72
132            <intent-filter>
132-->[com.google.firebase:firebase-auth:21.0.1] AndroidManifest.xml:51:13-61:29
133                <action android:name="android.intent.action.VIEW" />
133-->src\main\AndroidManifest.xml:66:17-69
133-->src\main\AndroidManifest.xml:66:25-66
134
135                <category android:name="android.intent.category.DEFAULT" />
135-->src\main\AndroidManifest.xml:67:17-76
135-->src\main\AndroidManifest.xml:67:27-73
136                <category android:name="android.intent.category.BROWSABLE" />
136-->src\main\AndroidManifest.xml:68:17-78
136-->src\main\AndroidManifest.xml:68:27-75
137
138                <data
138-->src\main\AndroidManifest.xml:69:17-75
139                    android:host="firebase.auth"
140                    android:path="/"
141                    android:scheme="recaptcha" />
141-->src\main\AndroidManifest.xml:69:23-72
142            </intent-filter>
143        </activity>
144
145        <service
145-->[com.google.firebase:firebase-auth:21.0.1] AndroidManifest.xml:64:9-73:19
146            android:name="com.google.firebase.auth.api.fallback.service.FirebaseAuthFallbackService"
146-->[com.google.firebase:firebase-auth:21.0.1] AndroidManifest.xml:65:13-101
147            android:enabled="true"
147-->[com.google.firebase:firebase-auth:21.0.1] AndroidManifest.xml:66:13-35
148            android:exported="false" >
148-->[com.google.firebase:firebase-auth:21.0.1] AndroidManifest.xml:67:13-37
149            <intent-filter>
149-->[com.google.firebase:firebase-auth:21.0.1] AndroidManifest.xml:68:13-72:29
150                <action android:name="com.google.firebase.auth.api.gms.service.START" />
150-->[com.google.firebase:firebase-auth:21.0.1] AndroidManifest.xml:69:17-89
150-->[com.google.firebase:firebase-auth:21.0.1] AndroidManifest.xml:69:25-86
151
152                <category android:name="android.intent.category.DEFAULT" />
152-->src\main\AndroidManifest.xml:67:17-76
152-->src\main\AndroidManifest.xml:67:27-73
153            </intent-filter>
154        </service> <!-- Needs to be explicitly declared on P+ -->
155        <uses-library
155-->[com.google.android.gms:play-services-maps:17.0.0] AndroidManifest.xml:33:9-35:40
156            android:name="org.apache.http.legacy"
156-->[com.google.android.gms:play-services-maps:17.0.0] AndroidManifest.xml:34:13-50
157            android:required="false" />
157-->[com.google.android.gms:play-services-maps:17.0.0] AndroidManifest.xml:35:13-37
158
159        <provider
159-->[com.squareup.picasso:picasso:2.71828] AndroidManifest.xml:8:9-11:40
160            android:name="com.squareup.picasso.PicassoProvider"
160-->[com.squareup.picasso:picasso:2.71828] AndroidManifest.xml:9:13-64
161            android:authorities="com.example.app.com.squareup.picasso"
161-->[com.squareup.picasso:picasso:2.71828] AndroidManifest.xml:10:13-72
162            android:exported="false" />
162-->[com.squareup.picasso:picasso:2.71828] AndroidManifest.xml:11:13-37
163
164        <activity
164-->[com.google.android.gms:play-services-auth:19.0.0] AndroidManifest.xml:23:9-27:75
165            android:name="com.google.android.gms.auth.api.signin.internal.SignInHubActivity"
165-->[com.google.android.gms:play-services-auth:19.0.0] AndroidManifest.xml:24:13-93
166            android:excludeFromRecents="true"
166-->[com.google.android.gms:play-services-auth:19.0.0] AndroidManifest.xml:25:13-46
167            android:exported="false"
167-->[com.google.android.gms:play-services-auth:19.0.0] AndroidManifest.xml:26:13-37
168            android:theme="@android:style/Theme.Translucent.NoTitleBar" />
168-->[com.google.android.gms:play-services-auth:19.0.0] AndroidManifest.xml:27:13-72
169        <!--
170            Service handling Google Sign-In user revocation. For apps that do not integrate with
171            Google Sign-In, this service will never be started.
172        -->
173        <service
173-->[com.google.android.gms:play-services-auth:19.0.0] AndroidManifest.xml:33:9-37:51
174            android:name="com.google.android.gms.auth.api.signin.RevocationBoundService"
174-->[com.google.android.gms:play-services-auth:19.0.0] AndroidManifest.xml:34:13-89
175            android:exported="true"
175-->[com.google.android.gms:play-services-auth:19.0.0] AndroidManifest.xml:35:13-36
176            android:permission="com.google.android.gms.auth.api.signin.permission.REVOCATION_NOTIFICATION"
176-->[com.google.android.gms:play-services-auth:19.0.0] AndroidManifest.xml:36:13-107
177            android:visibleToInstantApps="true" />
177-->[com.google.android.gms:play-services-auth:19.0.0] AndroidManifest.xml:37:13-48
178
179        <activity
179-->[com.google.android.gms:play-services-base:17.1.0] AndroidManifest.xml:23:9-26:75
180            android:name="com.google.android.gms.common.api.GoogleApiActivity"
180-->[com.google.android.gms:play-services-base:17.1.0] AndroidManifest.xml:24:13-79
181            android:exported="false"
181-->[com.google.android.gms:play-services-base:17.1.0] AndroidManifest.xml:25:13-37
182            android:theme="@android:style/Theme.Translucent.NoTitleBar" />
182-->[com.google.android.gms:play-services-base:17.1.0] AndroidManifest.xml:26:13-72
183
184        <provider
184-->[com.google.firebase:firebase-common:20.0.0] AndroidManifest.xml:26:9-31:39
185            android:name="com.google.firebase.provider.FirebaseInitProvider"
185-->[com.google.firebase:firebase-common:20.0.0] AndroidManifest.xml:27:13-77
186            android:authorities="com.example.app.firebaseinitprovider"
186-->[com.google.firebase:firebase-common:20.0.0] AndroidManifest.xml:28:13-72
187            android:directBootAware="true"
187-->[com.google.firebase:firebase-common:20.0.0] AndroidManifest.xml:29:13-43
188            android:exported="false"
188-->[com.google.firebase:firebase-common:20.0.0] AndroidManifest.xml:30:13-37
189            android:initOrder="100" />
189-->[com.google.firebase:firebase-common:20.0.0] AndroidManifest.xml:31:13-36
190
191        <meta-data
191-->[com.google.android.gms:play-services-basement:17.1.1] AndroidManifest.xml:23:9-25:69
192            android:name="com.google.android.gms.version"
192-->[com.google.android.gms:play-services-basement:17.1.1] AndroidManifest.xml:24:13-58
193            android:value="@integer/google_play_services_version" />
193-->[com.google.android.gms:play-services-basement:17.1.1] AndroidManifest.xml:25:13-66
194        <!--
195         The initialization ContentProvider will call FacebookSdk.sdkInitialize automatically
196         with the application context. This config is merged in with the host app's manifest,
197         but there can only be one provider with the same authority activated at any given
198         point; so if the end user has two or more different apps that use Facebook SDK, only the
199         first one will be able to use the provider. To work around this problem, we use the
200         following placeholder in the authority to identify each host application as if it was
201         a completely different provider.
202        -->
203        <provider
203-->[com.facebook.android:facebook-core:4.42.0] AndroidManifest.xml:39:9-42:40
204            android:name="com.facebook.internal.FacebookInitProvider"
204-->[com.facebook.android:facebook-core:4.42.0] AndroidManifest.xml:40:13-70
205            android:authorities="com.example.app.FacebookInitProvider"
205-->[com.facebook.android:facebook-core:4.42.0] AndroidManifest.xml:41:13-72
206            android:exported="false" />
206-->[com.facebook.android:facebook-core:4.42.0] AndroidManifest.xml:42:13-37
207
208        <receiver
208-->[com.facebook.android:facebook-core:4.42.0] AndroidManifest.xml:44:9-50:20
209            android:name="com.facebook.CurrentAccessTokenExpirationBroadcastReceiver"
209-->[com.facebook.android:facebook-core:4.42.0] AndroidManifest.xml:45:13-86
210            android:exported="false" >
210-->[com.facebook.android:facebook-core:4.42.0] AndroidManifest.xml:46:13-37
211            <intent-filter>
211-->[com.facebook.android:facebook-core:4.42.0] AndroidManifest.xml:47:13-49:29
212                <action android:name="com.facebook.sdk.ACTION_CURRENT_ACCESS_TOKEN_CHANGED" />
212-->[com.facebook.android:facebook-core:4.42.0] AndroidManifest.xml:48:17-95
212-->[com.facebook.android:facebook-core:4.42.0] AndroidManifest.xml:48:25-92
213            </intent-filter>
214        </receiver>
215    </application>
216
217</manifest>